Found segments:
Glassy segments: [(0, 15), (89, 178), (206, 293), (644, 684)]
Moderate tide segments: [(0, 240), (554, 721)]

Processing offshore conditions:
Time: 2024-11-06 04:00:00-07:53 to 2024-11-06 04:14:00-07:53
Direction: 99.96748664634192째
Is offshore: True
Added as offshore period
Time: 2024-11-06 05:29:00-07:53 to 2024-11-06 06:57:00-07:53
Direction: 168.11920013957265째
Is offshore: False
Time: 2024-11-06 07:26:00-07:53 to 2024-11-06 08:52:00-07:53
Direction: 142.28815123870726째
Is offshore: False
Time: 2024-11-06 14:44:00-07:53 to 2024-11-06 15:23:00-07:53
Direction: 289.4006241158688째
Is offshore: False

Processing glassy/moderate conditions:
Added glassy/moderate period: 2024-11-06 04:00:00-07:53 to 2024-11-06 04:14:00-07:53
Added glassy/moderate period: 2024-11-06 05:29:00-07:53 to 2024-11-06 06:57:00-07:53
Added glassy/moderate period: 2024-11-06 07:26:00-07:53 to 2024-11-06 07:59:00-07:53
Added glassy/moderate period: 2024-11-06 14:44:00-07:53 to 2024-11-06 15:23:00-07:53

Final periods:
offshore: 2024-11-06T04:00:00-07:53 to 2024-11-06T04:14:00-07:53
glassy_moderate: 2024-11-06T04:00:00-07:53 to 2024-11-06T04:14:00-07:53
glassy_moderate: 2024-11-06T05:29:00-07:53 to 2024-11-06T06:57:00-07:53
glassy_moderate: 2024-11-06T07:26:00-07:53 to 2024-11-06T07:59:00-07:53
glassy_moderate: 2024-11-06T14:44:00-07:53 to 2024-11-06T15:23:00-07:53
